app/build/intermediates/manifest_merge_blame_file/debug/processDebugMainManifest/manifest-merger-blame-debug-report.txt
1<?xml version="1.0" encoding="utf-8"?>
2<manifest xmlns:android="http://schemas.android.com/apk/res/android"
3    package="com.focusflow.app"
4    android:versionCode="1"
5    android:versionName="1.0" >
6
7    <uses-sdk
8        android:minSdkVersion="24"
9        android:targetSdkVersion="34" />
10
11    <uses-permission android:name="android.permission.SCHEDULE_EXACT_ALARM" />
11-->src\main\AndroidManifest.xml:5:5-79
11-->src\main\AndroidManifest.xml:5:22-76
12    <uses-permission android:name="android.permission.USE_EXACT_ALARM" />
12-->src\main\AndroidManifest.xml:6:5-74
12-->src\main\AndroidManifest.xml:6:22-71
13    <uses-permission android:name="android.permission.POST_NOTIFICATIONS" />
13-->src\main\AndroidManifest.xml:7:5-77
13-->src\main\AndroidManifest.xml:7:22-74
14    <uses-permission android:name="android.permission.VIBRATE" />
14-->src\main\AndroidManifest.xml:8:5-66
14-->src\main\AndroidManifest.xml:8:22-63
15    <uses-permission android:name="android.permission.WAKE_LOCK" />
15-->src\main\AndroidManifest.xml:9:5-68
15-->src\main\AndroidManifest.xml:9:22-65
16    <uses-permission android:name="android.permission.WRITE_EXTERNAL_STORAGE" />
16-->src\main\AndroidManifest.xml:10:5-81
16-->src\main\AndroidManifest.xml:10:22-78
17    <uses-permission android:name="android.permission.READ_EXTERNAL_STORAGE" />
17-->src\main\AndroidManifest.xml:11:5-80
17-->src\main\AndroidManifest.xml:11:22-77
18    <uses-permission android:name="android.permission.ACCESS_NETWORK_STATE" />
18-->[androidx.work:work-runtime:2.9.0] AndroidManifest.xml:24:5-79
18-->[androidx.work:work-runtime:2.9.0] AndroidManifest.xml:24:22-76
19    <uses-permission android:name="android.permission.RECEIVE_BOOT_COMPLETED" />
19-->[androidx.work:work-runtime:2.9.0] AndroidManifest.xml:25:5-81
19-->[androidx.work:work-runtime:2.9.0] AndroidManifest.xml:25:22-78
20    <uses-permission android:name="android.permission.FOREGROUND_SERVICE" />
20-->[androidx.work:work-runtime:2.9.0] AndroidManifest.xml:26:5-77
20-->[androidx.work:work-runtime:2.9.0] AndroidManifest.xml:26:22-74
21
22    <permission
22-->[androidx.core:core:1.13.1] AndroidManifest.xml:22:5-24:47
23        android:name="com.focusflow.app.DYNAMIC_RECEIVER_NOT_EXPORTED_PERMISSION"
23-->[androidx.core:core:1.13.1] AndroidManifest.xml:23:9-81
24        android:protectionLevel="signature" />
24-->[androidx.core:core:1.13.1] AndroidManifest.xml:24:9-44
25
26    <uses-permission android:name="com.focusflow.app.DYNAMIC_RECEIVER_NOT_EXPORTED_PERMISSION" />
26-->[androidx.core:core:1.13.1] AndroidManifest.xml:26:5-97
26-->[androidx.core:core:1.13.1] AndroidManifest.xml:26:22-94
27
28    <application
28-->src\main\AndroidManifest.xml:13:5-65:19
29        android:name="com.focusflow.app.FocusFlowApplication"
29-->src\main\AndroidManifest.xml:14:9-45
30        android:allowBackup="true"
30-->src\main\AndroidManifest.xml:15:9-35
31        android:appComponentFactory="androidx.core.app.CoreComponentFactory"
31-->[androidx.core:core:1.13.1] AndroidManifest.xml:28:18-86
32        android:dataExtractionRules="@xml/data_extraction_rules"
32-->src\main\AndroidManifest.xml:16:9-65
33        android:debuggable="true"
34        android:extractNativeLibs="false"
35        android:fullBackupContent="@xml/backup_rules"
35-->src\main\AndroidManifest.xml:17:9-54
36        android:icon="@mipmap/ic_launcher"
36-->src\main\AndroidManifest.xml:18:9-43
37        android:label="@string/app_name"
37-->src\main\AndroidManifest.xml:19:9-41
38        android:roundIcon="@mipmap/ic_launcher_round"
38-->src\main\AndroidManifest.xml:20:9-54
39        android:supportsRtl="true"
39-->src\main\AndroidManifest.xml:21:9-35
40        android:theme="@style/Theme.FocusFlow" >
40-->src\main\AndroidManifest.xml:22:9-47
41        <activity
41-->src\main\AndroidManifest.xml:25:9-34:20
42            android:name="com.focusflow.app.MainActivity"
42-->src\main\AndroidManifest.xml:26:13-41
43            android:exported="true"
43-->src\main\AndroidManifest.xml:27:13-36
44            android:label="@string/app_name"
44-->src\main\AndroidManifest.xml:28:13-45
45            android:theme="@style/Theme.FocusFlow" >
45-->src\main\AndroidManifest.xml:29:13-51
46            <intent-filter>
46-->src\main\AndroidManifest.xml:30:13-33:29
47                <action android:name="android.intent.action.MAIN" />
47-->src\main\AndroidManifest.xml:31:17-69
47-->src\main\AndroidManifest.xml:31:25-66
48
49                <category android:name="android.intent.category.LAUNCHER" />
49-->src\main\AndroidManifest.xml:32:17-77
49-->src\main\AndroidManifest.xml:32:27-74
50            </intent-filter>
51        </activity>
52
53        <!-- Notification Receiver -->
54        <receiver
54-->src\main\AndroidManifest.xml:37:9-40:40
55            android:name="com.focusflow.app.notifications.NotificationReceiver"
55-->src\main\AndroidManifest.xml:38:13-63
56            android:enabled="true"
56-->src\main\AndroidManifest.xml:39:13-35
57            android:exported="false" />
57-->src\main\AndroidManifest.xml:40:13-37
58
59        <!-- Work Manager -->
60        <provider
61            android:name="androidx.startup.InitializationProvider"
61-->src\main\AndroidManifest.xml:44:13-67
62            android:authorities="com.focusflow.app.androidx-startup"
62-->src\main\AndroidManifest.xml:45:13-68
63            android:exported="false" >
63-->src\main\AndroidManifest.xml:46:13-37
64            <meta-data
64-->src\main\AndroidManifest.xml:48:13-50:52
65                android:name="androidx.work.WorkManagerInitializer"
65-->src\main\AndroidManifest.xml:49:17-68
66                android:value="androidx.startup" />
66-->src\main\AndroidManifest.xml:50:17-49
67            <meta-data
67-->[androidx.emoji2:emoji2:1.3.0] AndroidManifest.xml:29:13-31:52
68                android:name="androidx.emoji2.text.EmojiCompatInitializer"
68-->[androidx.emoji2:emoji2:1.3.0] AndroidManifest.xml:30:17-75
69                android:value="androidx.startup" />
69-->[androidx.emoji2:emoji2:1.3.0] AndroidManifest.xml:31:17-49
70            <meta-data
70-->[androidx.lifecycle:lifecycle-process:2.8.3] AndroidManifest.xml:29:13-31:52
71                android:name="androidx.lifecycle.ProcessLifecycleInitializer"
71-->[androidx.lifecycle:lifecycle-process:2.8.3] AndroidManifest.xml:30:17-78
72                android:value="androidx.startup" />
72-->[androidx.lifecycle:lifecycle-process:2.8.3] AndroidManifest.xml:31:17-49
73            <meta-data
73-->[androidx.profileinstaller:profileinstaller:1.3.1] AndroidManifest.xml:29:13-31:52
74                android:name="androidx.profileinstaller.ProfileInstallerInitializer"
74-->[androidx.profileinstaller:profileinstaller:1.3.1] AndroidManifest.xml:30:17-85
75                android:value="androidx.startup" />
75-->[androidx.profileinstaller:profileinstaller:1.3.1] AndroidManifest.xml:31:17-49
76        </provider>
77
78        <!-- App Widget -->
79        <receiver
79-->src\main\AndroidManifest.xml:54:9-63:20
80            android:name="com.focusflow.app.widget.FocusFlowWidget"
80-->src\main\AndroidManifest.xml:55:13-51
81            android:exported="true" >
81-->src\main\AndroidManifest.xml:56:13-36
82            <intent-filter>
82-->src\main\AndroidManifest.xml:57:13-59:29
83                <action android:name="android.appwidget.action.APPWIDGET_UPDATE" />
83-->src\main\AndroidManifest.xml:58:17-84
83-->src\main\AndroidManifest.xml:58:25-81
84            </intent-filter>
85
86            <meta-data
86-->src\main\AndroidManifest.xml:60:13-62:66
87                android:name="android.appwidget.provider"
87-->src\main\AndroidManifest.xml:61:17-58
88                android:resource="@xml/focus_flow_widget_info" />
88-->src\main\AndroidManifest.xml:62:17-63
89        </receiver>
90
91        <activity
91-->[androidx.compose.ui:ui-tooling-android:1.7.6] AndroidManifest.xml:23:9-25:39
92            android:name="androidx.compose.ui.tooling.PreviewActivity"
92-->[androidx.compose.ui:ui-tooling-android:1.7.6] AndroidManifest.xml:24:13-71
93            android:exported="true" />
93-->[androidx.compose.ui:ui-tooling-android:1.7.6] AndroidManifest.xml:25:13-36
94
95        <service
95-->[androidx.work:work-runtime:2.9.0] AndroidManifest.xml:39:9-45:35
96            android:name="androidx.work.impl.background.systemalarm.SystemAlarmService"
96-->[androidx.work:work-runtime:2.9.0] AndroidManifest.xml:40:13-88
97            android:directBootAware="false"
97-->[androidx.work:work-runtime:2.9.0] AndroidManifest.xml:41:13-44
98            android:enabled="@bool/enable_system_alarm_service_default"
98-->[androidx.work:work-runtime:2.9.0] AndroidManifest.xml:42:13-72
99            android:exported="false" />
99-->[androidx.work:work-runtime:2.9.0] AndroidManifest.xml:43:13-37
100        <service
100-->[androidx.work:work-runtime:2.9.0] AndroidManifest.xml:46:9-52:35
101            android:name="androidx.work.impl.background.systemjob.SystemJobService"
101-->[androidx.work:work-runtime:2.9.0] AndroidManifest.xml:47:13-84
102            android:directBootAware="false"
102-->[androidx.work:work-runtime:2.9.0] AndroidManifest.xml:48:13-44
103            android:enabled="@bool/enable_system_job_service_default"
103-->[androidx.work:work-runtime:2.9.0] AndroidManifest.xml:49:13-70
104            android:exported="true"
104-->[androidx.work:work-runtime:2.9.0] AndroidManifest.xml:50:13-36
105            android:permission="android.permission.BIND_JOB_SERVICE" />
105-->[androidx.work:work-runtime:2.9.0] AndroidManifest.xml:51:13-69
106        <service
106-->[androidx.work:work-runtime:2.9.0] AndroidManifest.xml:53:9-59:35
107            android:name="androidx.work.impl.foreground.SystemForegroundService"
107-->[androidx.work:work-runtime:2.9.0] AndroidManifest.xml:54:13-81
108            android:directBootAware="false"
108-->[androidx.work:work-runtime:2.9.0] AndroidManifest.xml:55:13-44
109            android:enabled="@bool/enable_system_foreground_service_default"
109-->[androidx.work:work-runtime:2.9.0] AndroidManifest.xml:56:13-77
110            android:exported="false" />
110-->[androidx.work:work-runtime:2.9.0] AndroidManifest.xml:57:13-37
111
112        <receiver
112-->[androidx.work:work-runtime:2.9.0] AndroidManifest.xml:61:9-66:35
113            android:name="androidx.work.impl.utils.ForceStopRunnable$BroadcastReceiver"
113-->[androidx.work:work-runtime:2.9.0] AndroidManifest.xml:62:13-88
114            android:directBootAware="false"
114-->[androidx.work:work-runtime:2.9.0] AndroidManifest.xml:63:13-44
115            android:enabled="true"
115-->[androidx.work:work-runtime:2.9.0] AndroidManifest.xml:64:13-35
116            android:exported="false" />
116-->[androidx.work:work-runtime:2.9.0] AndroidManifest.xml:65:13-37
117        <receiver
117-->[androidx.work:work-runtime:2.9.0] AndroidManifest.xml:67:9-77:20
118            android:name="androidx.work.impl.background.systemalarm.ConstraintProxy$BatteryChargingProxy"
118-->[androidx.work:work-runtime:2.9.0] AndroidManifest.xml:68:13-106
119            android:directBootAware="false"
119-->[androidx.work:work-runtime:2.9.0] AndroidManifest.xml:69:13-44
120            android:enabled="false"
120-->[androidx.work:work-runtime:2.9.0] AndroidManifest.xml:70:13-36
121            android:exported="false" >
121-->[androidx.work:work-runtime:2.9.0] AndroidManifest.xml:71:13-37
122            <intent-filter>
122-->[androidx.work:work-runtime:2.9.0] AndroidManifest.xml:73:13-76:29
123                <action android:name="android.intent.action.ACTION_POWER_CONNECTED" />
123-->[androidx.work:work-runtime:2.9.0] AndroidManifest.xml:74:17-87
123-->[androidx.work:work-runtime:2.9.0] AndroidManifest.xml:74:25-84
124                <action android:name="android.intent.action.ACTION_POWER_DISCONNECTED" />
124-->[androidx.work:work-runtime:2.9.0] AndroidManifest.xml:75:17-90
124-->[androidx.work:work-runtime:2.9.0] AndroidManifest.xml:75:25-87
125            </intent-filter>
126        </receiver>
127        <receiver
127-->[androidx.work:work-runtime:2.9.0] AndroidManifest.xml:78:9-88:20
128            android:name="androidx.work.impl.background.systemalarm.ConstraintProxy$BatteryNotLowProxy"
128-->[androidx.work:work-runtime:2.9.0] AndroidManifest.xml:79:13-104
129            android:directBootAware="false"
129-->[androidx.work:work-runtime:2.9.0] AndroidManifest.xml:80:13-44
130            android:enabled="false"
130-->[androidx.work:work-runtime:2.9.0] AndroidManifest.xml:81:13-36
131            android:exported="false" >
131-->[androidx.work:work-runtime:2.9.0] AndroidManifest.xml:82:13-37
132            <intent-filter>
132-->[androidx.work:work-runtime:2.9.0] AndroidManifest.xml:84:13-87:29
133                <action android:name="android.intent.action.BATTERY_OKAY" />
133-->[androidx.work:work-runtime:2.9.0] AndroidManifest.xml:85:17-77
133-->[androidx.work:work-runtime:2.9.0] AndroidManifest.xml:85:25-74
134                <action android:name="android.intent.action.BATTERY_LOW" />
134-->[androidx.work:work-runtime:2.9.0] AndroidManifest.xml:86:17-76
134-->[androidx.work:work-runtime:2.9.0] AndroidManifest.xml:86:25-73
135            </intent-filter>
136        </receiver>
137        <receiver
137-->[androidx.work:work-runtime:2.9.0] AndroidManifest.xml:89:9-99:20
138            android:name="androidx.work.impl.background.systemalarm.ConstraintProxy$StorageNotLowProxy"
138-->[androidx.work:work-runtime:2.9.0] AndroidManifest.xml:90:13-104
139            android:directBootAware="false"
139-->[androidx.work:work-runtime:2.9.0] AndroidManifest.xml:91:13-44
140            android:enabled="false"
140-->[androidx.work:work-runtime:2.9.0] AndroidManifest.xml:92:13-36
141            android:exported="false" >
141-->[androidx.work:work-runtime:2.9.0] AndroidManifest.xml:93:13-37
142            <intent-filter>
142-->[androidx.work:work-runtime:2.9.0] AndroidManifest.xml:95:13-98:29
143                <action android:name="android.intent.action.DEVICE_STORAGE_LOW" />
143-->[androidx.work:work-runtime:2.9.0] AndroidManifest.xml:96:17-83
143-->[androidx.work:work-runtime:2.9.0] AndroidManifest.xml:96:25-80
144                <action android:name="android.intent.action.DEVICE_STORAGE_OK" />
144-->[androidx.work:work-runtime:2.9.0] AndroidManifest.xml:97:17-82
144-->[androidx.work:work-runtime:2.9.0] AndroidManifest.xml:97:25-79
145            </intent-filter>
146        </receiver>
147        <receiver
147-->[androidx.work:work-runtime:2.9.0] AndroidManifest.xml:100:9-109:20
148            android:name="androidx.work.impl.background.systemalarm.ConstraintProxy$NetworkStateProxy"
148-->[androidx.work:work-runtime:2.9.0] AndroidManifest.xml:101:13-103
149            android:directBootAware="false"
149-->[androidx.work:work-runtime:2.9.0] AndroidManifest.xml:102:13-44
150            android:enabled="false"
150-->[androidx.work:work-runtime:2.9.0] AndroidManifest.xml:103:13-36
151            android:exported="false" >
151-->[androidx.work:work-runtime:2.9.0] AndroidManifest.xml:104:13-37
152            <intent-filter>
152-->[androidx.work:work-runtime:2.9.0] AndroidManifest.xml:106:13-108:29
153                <action android:name="android.net.conn.CONNECTIVITY_CHANGE" />
153-->[androidx.work:work-runtime:2.9.0] AndroidManifest.xml:107:17-79
153-->[androidx.work:work-runtime:2.9.0] AndroidManifest.xml:107:25-76
154            </intent-filter>
155        </receiver>
156        <receiver
156-->[androidx.work:work-runtime:2.9.0] AndroidManifest.xml:110:9-121:20
157            android:name="androidx.work.impl.background.systemalarm.RescheduleReceiver"
157-->[androidx.work:work-runtime:2.9.0] AndroidManifest.xml:111:13-88
158            android:directBootAware="false"
158-->[androidx.work:work-runtime:2.9.0] AndroidManifest.xml:112:13-44
159            android:enabled="false"
159-->[androidx.work:work-runtime:2.9.0] AndroidManifest.xml:113:13-36
160            android:exported="false" >
160-->[androidx.work:work-runtime:2.9.0] AndroidManifest.xml:114:13-37
161            <intent-filter>
161-->[androidx.work:work-runtime:2.9.0] AndroidManifest.xml:116:13-120:29
162                <action android:name="android.intent.action.BOOT_COMPLETED" />
162-->[androidx.work:work-runtime:2.9.0] AndroidManifest.xml:117:17-79
162-->[androidx.work:work-runtime:2.9.0] AndroidManifest.xml:117:25-76
163                <action android:name="android.intent.action.TIME_SET" />
163-->[androidx.work:work-runtime:2.9.0] AndroidManifest.xml:118:17-73
163-->[androidx.work:work-runtime:2.9.0] AndroidManifest.xml:118:25-70
164                <action android:name="android.intent.action.TIMEZONE_CHANGED" />
164-->[androidx.work:work-runtime:2.9.0] AndroidManifest.xml:119:17-81
164-->[androidx.work:work-runtime:2.9.0] AndroidManifest.xml:119:25-78
165            </intent-filter>
166        </receiver>
167        <receiver
167-->[androidx.work:work-runtime:2.9.0] AndroidManifest.xml:122:9-131:20
168            android:name="androidx.work.impl.background.systemalarm.ConstraintProxyUpdateReceiver"
168-->[androidx.work:work-runtime:2.9.0] AndroidManifest.xml:123:13-99
169            android:directBootAware="false"
169-->[androidx.work:work-runtime:2.9.0] AndroidManifest.xml:124:13-44
170            android:enabled="@bool/enable_system_alarm_service_default"
170-->[androidx.work:work-runtime:2.9.0] AndroidManifest.xml:125:13-72
171            android:exported="false" >
171-->[androidx.work:work-runtime:2.9.0] AndroidManifest.xml:126:13-37
172            <intent-filter>
172-->[androidx.work:work-runtime:2.9.0] AndroidManifest.xml:128:13-130:29
173                <action android:name="androidx.work.impl.background.systemalarm.UpdateProxies" />
173-->[androidx.work:work-runtime:2.9.0] AndroidManifest.xml:129:17-98
173-->[androidx.work:work-runtime:2.9.0] AndroidManifest.xml:129:25-95
174            </intent-filter>
175        </receiver>
176        <receiver
176-->[androidx.work:work-runtime:2.9.0] AndroidManifest.xml:132:9-142:20
177            android:name="androidx.work.impl.diagnostics.DiagnosticsReceiver"
177-->[androidx.work:work-runtime:2.9.0] AndroidManifest.xml:133:13-78
178            android:directBootAware="false"
178-->[androidx.work:work-runtime:2.9.0] AndroidManifest.xml:134:13-44
179            android:enabled="true"
179-->[androidx.work:work-runtime:2.9.0] AndroidManifest.xml:135:13-35
180            android:exported="true"
180-->[androidx.work:work-runtime:2.9.0] AndroidManifest.xml:136:13-36
181            android:permission="android.permission.DUMP" >
181-->[androidx.work:work-runtime:2.9.0] AndroidManifest.xml:137:13-57
182            <intent-filter>
182-->[androidx.work:work-runtime:2.9.0] AndroidManifest.xml:139:13-141:29
183                <action android:name="androidx.work.diagnostics.REQUEST_DIAGNOSTICS" />
183-->[androidx.work:work-runtime:2.9.0] AndroidManifest.xml:140:17-88
183-->[androidx.work:work-runtime:2.9.0] AndroidManifest.xml:140:25-85
184            </intent-filter>
185        </receiver>
186
187        <uses-library
187-->[androidx.window:window:1.0.0] AndroidManifest.xml:25:9-27:40
188            android:name="androidx.window.extensions"
188-->[androidx.window:window:1.0.0] AndroidManifest.xml:26:13-54
189            android:required="false" />
189-->[androidx.window:window:1.0.0] AndroidManifest.xml:27:13-37
190        <uses-library
190-->[androidx.window:window:1.0.0] AndroidManifest.xml:28:9-30:40
191            android:name="androidx.window.sidecar"
191-->[androidx.window:window:1.0.0] AndroidManifest.xml:29:13-51
192            android:required="false" />
192-->[androidx.window:window:1.0.0] AndroidManifest.xml:30:13-37
193
194        <activity
194-->[androidx.compose.ui:ui-test-manifest:1.7.6] AndroidManifest.xml:23:9-25:39
195            android:name="androidx.activity.ComponentActivity"
195-->[androidx.compose.ui:ui-test-manifest:1.7.6] AndroidManifest.xml:24:13-63
196            android:exported="true" />
196-->[androidx.compose.ui:ui-test-manifest:1.7.6] AndroidManifest.xml:25:13-36
197
198        <service
198-->[androidx.room:room-runtime:2.6.1] AndroidManifest.xml:24:9-28:63
199            android:name="androidx.room.MultiInstanceInvalidationService"
199-->[androidx.room:room-runtime:2.6.1] AndroidManifest.xml:25:13-74
200            android:directBootAware="true"
200-->[androidx.room:room-runtime:2.6.1] AndroidManifest.xml:26:13-43
201            android:exported="false" />
201-->[androidx.room:room-runtime:2.6.1] AndroidManifest.xml:27:13-37
202
203        <receiver
203-->[androidx.profileinstaller:profileinstaller:1.3.1] AndroidManifest.xml:34:9-52:20
204            android:name="androidx.profileinstaller.ProfileInstallReceiver"
204-->[androidx.profileinstaller:profileinstaller:1.3.1] AndroidManifest.xml:35:13-76
205            android:directBootAware="false"
205-->[androidx.profileinstaller:profileinstaller:1.3.1] AndroidManifest.xml:36:13-44
206            android:enabled="true"
206-->[androidx.profileinstaller:profileinstaller:1.3.1] AndroidManifest.xml:37:13-35
207            android:exported="true"
207-->[androidx.profileinstaller:profileinstaller:1.3.1] AndroidManifest.xml:38:13-36
208            android:permission="android.permission.DUMP" >
208-->[androidx.profileinstaller:profileinstaller:1.3.1] AndroidManifest.xml:39:13-57
209            <intent-filter>
209-->[androidx.profileinstaller:profileinstaller:1.3.1] AndroidManifest.xml:40:13-42:29
210                <action android:name="androidx.profileinstaller.action.INSTALL_PROFILE" />
210-->[androidx.profileinstaller:profileinstaller:1.3.1] AndroidManifest.xml:41:17-91
210-->[androidx.profileinstaller:profileinstaller:1.3.1] AndroidManifest.xml:41:25-88
211            </intent-filter>
212            <intent-filter>
212-->[androidx.profileinstaller:profileinstaller:1.3.1] AndroidManifest.xml:43:13-45:29
213                <action android:name="androidx.profileinstaller.action.SKIP_FILE" />
213-->[androidx.profileinstaller:profileinstaller:1.3.1] AndroidManifest.xml:44:17-85
213-->[androidx.profileinstaller:profileinstaller:1.3.1] AndroidManifest.xml:44:25-82
214            </intent-filter>
215            <intent-filter>
215-->[androidx.profileinstaller:profileinstaller:1.3.1] AndroidManifest.xml:46:13-48:29
216                <action android:name="androidx.profileinstaller.action.SAVE_PROFILE" />
216-->[androidx.profileinstaller:profileinstaller:1.3.1] AndroidManifest.xml:47:17-88
216-->[androidx.profileinstaller:profileinstaller:1.3.1] AndroidManifest.xml:47:25-85
217            </intent-filter>
218            <intent-filter>
218-->[androidx.profileinstaller:profileinstaller:1.3.1] AndroidManifest.xml:49:13-51:29
219                <action android:name="androidx.profileinstaller.action.BENCHMARK_OPERATION" />
219-->[androidx.profileinstaller:profileinstaller:1.3.1] AndroidManifest.xml:50:17-95
219-->[androidx.profileinstaller:profileinstaller:1.3.1] AndroidManifest.xml:50:25-92
220            </intent-filter>
221        </receiver>
222    </application>
223
224</manifest>